<?xml version="1.0" encoding="UTF-8"?>
<testng-results skipped="0" failed="0" ignored="0" total="1" passed="1">
  <reporter-output>
  </reporter-output>
  <suite name="Default suite" duration-ms="40981" started-at="2020-08-29T10:13:19Z" finished-at="2020-08-29T10:14:00Z">
    <groups>
    </groups>
    <test name="Default test" duration-ms="40981" started-at="2020-08-29T10:13:19Z" finished-at="2020-08-29T10:14:00Z">
      <class name="Myte.MyteFinal">
        <test-method status="PASS" signature="Test(java.lang.String)[pri:0, instance:Myte.MyteFinal@31610302]" name="Test" duration-ms="40933" started-at="2020-08-29T10:13:19Z" finished-at="2020-08-29T10:14:00Z">
          <params>
            <param index="0">
              <value>
                <![CDATA[1]]>
              </value>
            </param>
          </params>
          <reporter-output>
          </reporter-output>
        </test-method> <!-- Test -->
      </class> <!-- Myte.MyteFinal -->
    </test> <!-- Default test -->
  </suite> <!-- Default suite -->
</testng-results>
