<?xml version="1.0" encoding="UTF-8"?>
<testng-results skipped="0" failed="0" ignored="0" total="1" passed="1">
  <reporter-output>
  </reporter-output>
  <suite name="Command line suite" duration-ms="72294" started-at="2020-07-21T16:35:24Z" finished-at="2020-07-21T16:36:37Z">
    <groups>
    </groups>
    <test name="Command line test" duration-ms="72294" started-at="2020-07-21T16:35:24Z" finished-at="2020-07-21T16:36:37Z">
      <class name="VinothVijayakumar.Myte">
        <test-method status="PASS" signature="Test(java.lang.String)[pri:0, instance:VinothVijayakumar.Myte@1ef7fe8e]" name="Test" duration-ms="72259" started-at="2020-07-21T16:35:24Z" finished-at="2020-07-21T16:36:37Z">
          <params>
            <param index="0">
              <value>
                <![CDATA[1]]>
              </value>
            </param>
          </params>
          <reporter-output>
          </reporter-output>
        </test-method> <!-- Test -->
      </class> <!-- VinothVijayakumar.Myte -->
    </test> <!-- Command line test -->
  </suite> <!-- Command line suite -->
</testng-results>
