<?xml version="1.0" encoding="UTF-8"?>
<testng-results skipped="0" failed="0" ignored="0" total="1" passed="1">
  <reporter-output>
  </reporter-output>
  <suite name="Default suite" duration-ms="31261" started-at="2020-07-19T13:50:50Z" finished-at="2020-07-19T13:51:21Z">
    <groups>
    </groups>
    <test name="Default test" duration-ms="31261" started-at="2020-07-19T13:50:50Z" finished-at="2020-07-19T13:51:21Z">
      <class name="VinothVijayakumar.facebook">
        <test-method status="PASS" signature="Test(java.lang.String)[pri:0, instance:VinothVijayakumar.facebook@5c3bd550]" name="Test" duration-ms="31136" started-at="2020-07-19T13:50:50Z" finished-at="2020-07-19T13:51:21Z">
          <params>
            <param index="0">
              <value>
                <![CDATA[1]]>
              </value>
            </param>
          </params>
          <reporter-output>
          </reporter-output>
        </test-method> <!-- Test -->
      </class> <!-- VinothVijayakumar.facebook -->
    </test> <!-- Default test -->
  </suite> <!-- Default suite -->
</testng-results>
